<?xml version="1.0" encoding="UTF-8"?>
<!-- Generated by org.testng.reporters.JUnitReportReporter -->
<testsuite hostname="DESKTOP-SF2NEF8" failures="0" tests="4" name="org.petstore.RestServices" time="19.501" errors="0" timestamp="29 Aug 2022 06:54:55 GMT" skipped="0">
  <testcase classname="org.petstore.RestServices" name="addpet" time="11.539"/>
  <testcase classname="org.petstore.RestServices" name="retrievepet" time="3.688"/>
  <testcase classname="org.petstore.RestServices" name="status" time="2.173"/>
  <testcase classname="org.petstore.RestServices" name="findbystatus" time="2.101"/>
</testsuite> <!-- org.petstore.RestServices -->
