<?xml version="1.0" encoding="UTF-8"?>
<!-- Generated by org.testng.reporters.JUnitReportReporter -->
<testsuite hostname="DESKTOP-SF2NEF8" failures="0" tests="4" name="org.petstore.RestServices" time="17.984" errors="0" timestamp="25 Aug 2022 22:41:55 GMT" skipped="0">
  <testcase classname="org.petstore.RestServices" name="addpet" time="10.608"/>
  <testcase classname="org.petstore.RestServices" name="retrievepet" time="2.581"/>
  <testcase classname="org.petstore.RestServices" name="status" time="2.245"/>
  <testcase classname="org.petstore.RestServices" name="findbystatus" time="2.550"/>
</testsuite> <!-- org.petstore.RestServices -->
